Determining if the pthread_create exist failed with the following output:
Change Dir: /users/stud/ledwon/compphysthree/ue5/uebung5-v1.0-714fe71f356d7f254fb5e2c2f55498d6364ad40b/CMakeFiles/CMakeTmp

Run Build Command:"/usr/bin/make" "cmTC_2fb04/fast"
/usr/bin/make -f CMakeFiles/cmTC_2fb04.dir/build.make CMakeFiles/cmTC_2fb04.dir/build
make[1]: Entering directory '/users/stud/ledwon/compphysthree/ue5/uebung5-v1.0-714fe71f356d7f254fb5e2c2f55498d6364ad40b/CMakeFiles/CMakeTmp'
Building C object CMakeFiles/cmTC_2fb04.dir/CheckSymbolExists.c.o
/usr/bin/clang-3.8    -fPIC    -o CMakeFiles/cmTC_2fb04.dir/CheckSymbolExists.c.o   -c /users/stud/ledwon/compphysthree/ue5/uebung5-v1.0-714fe71f356d7f254fb5e2c2f55498d6364ad40b/CMakeFiles/CMakeTmp/CheckSymbolExists.c
Linking C executable cmTC_2fb04
/usr/bin/cmake -E cmake_link_script CMakeFiles/cmTC_2fb04.dir/link.txt --verbose=1
/usr/bin/clang-3.8  -fPIC     CMakeFiles/cmTC_2fb04.dir/CheckSymbolExists.c.o  -o cmTC_2fb04 -rdynamic 
CMakeFiles/cmTC_2fb04.dir/CheckSymbolExists.c.o: In function `main':
/users/stud/ledwon/compphysthree/ue5/uebung5-v1.0-714fe71f356d7f254fb5e2c2f55498d6364ad40b/CMakeFiles/CMakeTmp/CheckSymbolExists.c:(.text+0x7): undefined reference to `pthread_create'
clang: error: linker command failed with exit code 1 (use -v to see invocation)
CMakeFiles/cmTC_2fb04.dir/build.make:97: recipe for target 'cmTC_2fb04' failed
make[1]: *** [cmTC_2fb04] Error 1
make[1]: Leaving directory '/users/stud/ledwon/compphysthree/ue5/uebung5-v1.0-714fe71f356d7f254fb5e2c2f55498d6364ad40b/CMakeFiles/CMakeTmp'
Makefile:126: recipe for target 'cmTC_2fb04/fast' failed
make: *** [cmTC_2fb04/fast] Error 2

File /users/stud/ledwon/compphysthree/ue5/uebung5-v1.0-714fe71f356d7f254fb5e2c2f55498d6364ad40b/CMakeFiles/CMakeTmp/CheckSymbolExists.c:
/* */
#include <pthread.h>

int main(int argc, char** argv)
{
  (void)argv;
#ifndef pthread_create
  return ((int*)(&pthread_create))[argc];
#else
  (void)argc;
  return 0;
#endif
}

Determining if the function pthread_create exists in the pthreads failed with the following output:
Change Dir: /users/stud/ledwon/compphysthree/ue5/uebung5-v1.0-714fe71f356d7f254fb5e2c2f55498d6364ad40b/CMakeFiles/CMakeTmp

Run Build Command:"/usr/bin/make" "cmTC_d2b30/fast"
/usr/bin/make -f CMakeFiles/cmTC_d2b30.dir/build.make CMakeFiles/cmTC_d2b30.dir/build
make[1]: Entering directory '/users/stud/ledwon/compphysthree/ue5/uebung5-v1.0-714fe71f356d7f254fb5e2c2f55498d6364ad40b/CMakeFiles/CMakeTmp'
Building C object CMakeFiles/cmTC_d2b30.dir/CheckFunctionExists.c.o
/usr/bin/clang-3.8    -fPIC -DCHECK_FUNCTION_EXISTS=pthread_create   -o CMakeFiles/cmTC_d2b30.dir/CheckFunctionExists.c.o   -c /usr/share/cmake-3.7/Modules/CheckFunctionExists.c
Linking C executable cmTC_d2b30
/usr/bin/cmake -E cmake_link_script CMakeFiles/cmTC_d2b30.dir/link.txt --verbose=1
/usr/bin/clang-3.8  -fPIC -DCHECK_FUNCTION_EXISTS=pthread_create    CMakeFiles/cmTC_d2b30.dir/CheckFunctionExists.c.o  -o cmTC_d2b30 -rdynamic -lpthreads 
/usr/bin/ld: cannot find -lpthreads
clang: error: linker command failed with exit code 1 (use -v to see invocation)
CMakeFiles/cmTC_d2b30.dir/build.make:97: recipe for target 'cmTC_d2b30' failed
make[1]: *** [cmTC_d2b30] Error 1
make[1]: Leaving directory '/users/stud/ledwon/compphysthree/ue5/uebung5-v1.0-714fe71f356d7f254fb5e2c2f55498d6364ad40b/CMakeFiles/CMakeTmp'
Makefile:126: recipe for target 'cmTC_d2b30/fast' failed
make: *** [cmTC_d2b30/fast] Error 2


