Determining if the pthread_create exist failed with the following output:
Change Dir: /users/stud/plock/coding/cp3/compphysthree/ue8/opt/leder_code/build/CMakeFiles/CMakeTmp

Run Build Command:"/usr/bin/make" "cmTC_40e88/fast"
/usr/bin/make -f CMakeFiles/cmTC_40e88.dir/build.make CMakeFiles/cmTC_40e88.dir/build
make[1]: Entering directory '/users/stud/plock/coding/cp3/compphysthree/ue8/opt/leder_code/build/CMakeFiles/CMakeTmp'
Building C object CMakeFiles/cmTC_40e88.dir/CheckSymbolExists.c.o
/usr/bin/clang-3.8    -fPIC    -o CMakeFiles/cmTC_40e88.dir/CheckSymbolExists.c.o   -c /users/stud/plock/coding/cp3/compphysthree/ue8/opt/leder_code/build/CMakeFiles/CMakeTmp/CheckSymbolExists.c
Linking C executable cmTC_40e88
/usr/bin/cmake -E cmake_link_script CMakeFiles/cmTC_40e88.dir/link.txt --verbose=1
/usr/bin/clang-3.8  -fPIC     CMakeFiles/cmTC_40e88.dir/CheckSymbolExists.c.o  -o cmTC_40e88 -rdynamic 
CMakeFiles/cmTC_40e88.dir/CheckSymbolExists.c.o: In function `main':
/users/stud/plock/coding/cp3/compphysthree/ue8/opt/leder_code/build/CMakeFiles/CMakeTmp/CheckSymbolExists.c:(.text+0x7): undefined reference to `pthread_create'
clang: error: linker command failed with exit code 1 (use -v to see invocation)
CMakeFiles/cmTC_40e88.dir/build.make:97: recipe for target 'cmTC_40e88' failed
make[1]: *** [cmTC_40e88] Error 1
make[1]: Leaving directory '/users/stud/plock/coding/cp3/compphysthree/ue8/opt/leder_code/build/CMakeFiles/CMakeTmp'
Makefile:126: recipe for target 'cmTC_40e88/fast' failed
make: *** [cmTC_40e88/fast] Error 2

File /users/stud/plock/coding/cp3/compphysthree/ue8/opt/leder_code/build/CMakeFiles/CMakeTmp/CheckSymbolExists.c:
/* */
#include <pthread.h>

int main(int argc, char** argv)
{
  (void)argv;
#ifndef pthread_create
  return ((int*)(&pthread_create))[argc];
#else
  (void)argc;
  return 0;
#endif
}

Determining if the function pthread_create exists in the pthreads failed with the following output:
Change Dir: /users/stud/plock/coding/cp3/compphysthree/ue8/opt/leder_code/build/CMakeFiles/CMakeTmp

Run Build Command:"/usr/bin/make" "cmTC_2eead/fast"
/usr/bin/make -f CMakeFiles/cmTC_2eead.dir/build.make CMakeFiles/cmTC_2eead.dir/build
make[1]: Entering directory '/users/stud/plock/coding/cp3/compphysthree/ue8/opt/leder_code/build/CMakeFiles/CMakeTmp'
Building C object CMakeFiles/cmTC_2eead.dir/CheckFunctionExists.c.o
/usr/bin/clang-3.8    -fPIC -DCHECK_FUNCTION_EXISTS=pthread_create   -o CMakeFiles/cmTC_2eead.dir/CheckFunctionExists.c.o   -c /usr/share/cmake-3.7/Modules/CheckFunctionExists.c
Linking C executable cmTC_2eead
/usr/bin/cmake -E cmake_link_script CMakeFiles/cmTC_2eead.dir/link.txt --verbose=1
/usr/bin/clang-3.8  -fPIC -DCHECK_FUNCTION_EXISTS=pthread_create    CMakeFiles/cmTC_2eead.dir/CheckFunctionExists.c.o  -o cmTC_2eead -rdynamic -lpthreads 
/usr/bin/ld: cannot find -lpthreads
clang: error: linker command failed with exit code 1 (use -v to see invocation)
CMakeFiles/cmTC_2eead.dir/build.make:97: recipe for target 'cmTC_2eead' failed
make[1]: *** [cmTC_2eead] Error 1
make[1]: Leaving directory '/users/stud/plock/coding/cp3/compphysthree/ue8/opt/leder_code/build/CMakeFiles/CMakeTmp'
Makefile:126: recipe for target 'cmTC_2eead/fast' failed
make: *** [cmTC_2eead/fast] Error 2


