The system is: Linux - 4.9.0-6-amd64 - x86_64
Compiling the C compiler identification source file "CMakeCCompilerId.c" succeeded.
Compiler: /usr/bin/clang-3.8 
Build flags: 
Id flags: 

The output was:
0


Compilation of the C compiler identification source "CMakeCCompilerId.c" produced "a.out"

The C compiler identification is Clang, found in "/users/stud/ledwon/Documents/compphysthree/ue9/bin/CMakeFiles/3.7.2/CompilerIdC/a.out"

Compiling the CXX compiler identification source file "CMakeCXXCompilerId.cpp" succeeded.
Compiler: /usr/bin/clang++-3.8 
Build flags: 
Id flags: 

The output was:
0


Compilation of the CXX compiler identification source "CMakeCXXCompilerId.cpp" produced "a.out"

The CXX compiler identification is Clang, found in "/users/stud/ledwon/Documents/compphysthree/ue9/bin/CMakeFiles/3.7.2/CompilerIdCXX/a.out"

Determining if the C compiler works passed with the following output:
Change Dir: /users/stud/ledwon/Documents/compphysthree/ue9/bin/CMakeFiles/CMakeTmp

Run Build Command:"/usr/bin/make" "cmTC_cd07c/fast"
/usr/bin/make -f CMakeFiles/cmTC_cd07c.dir/build.make CMakeFiles/cmTC_cd07c.dir/build
make[1]: Entering directory '/users/stud/ledwon/Documents/compphysthree/ue9/bin/CMakeFiles/CMakeTmp'
Building C object CMakeFiles/cmTC_cd07c.dir/testCCompiler.c.o
/usr/bin/clang-3.8     -o CMakeFiles/cmTC_cd07c.dir/testCCompiler.c.o   -c /users/stud/ledwon/Documents/compphysthree/ue9/bin/CMakeFiles/CMakeTmp/testCCompiler.c
Linking C executable cmTC_cd07c
/usr/bin/cmake -E cmake_link_script CMakeFiles/cmTC_cd07c.dir/link.txt --verbose=1
/usr/bin/clang-3.8       CMakeFiles/cmTC_cd07c.dir/testCCompiler.c.o  -o cmTC_cd07c -rdynamic 
make[1]: Leaving directory '/users/stud/ledwon/Documents/compphysthree/ue9/bin/CMakeFiles/CMakeTmp'


Detecting C compiler ABI info compiled with the following output:
Change Dir: /users/stud/ledwon/Documents/compphysthree/ue9/bin/CMakeFiles/CMakeTmp

Run Build Command:"/usr/bin/make" "cmTC_48ddf/fast"
/usr/bin/make -f CMakeFiles/cmTC_48ddf.dir/build.make CMakeFiles/cmTC_48ddf.dir/build
make[1]: Entering directory '/users/stud/ledwon/Documents/compphysthree/ue9/bin/CMakeFiles/CMakeTmp'
Building C object CMakeFiles/cmTC_48ddf.dir/CMakeCCompilerABI.c.o
/usr/bin/clang-3.8     -o CMakeFiles/cmTC_48ddf.dir/CMakeCCompilerABI.c.o   -c /usr/share/cmake-3.7/Modules/CMakeCCompilerABI.c
Linking C executable cmTC_48ddf
/usr/bin/cmake -E cmake_link_script CMakeFiles/cmTC_48ddf.dir/link.txt --verbose=1
/usr/bin/clang-3.8      -v CMakeFiles/cmTC_48ddf.dir/CMakeCCompilerABI.c.o  -o cmTC_48ddf -rdynamic  
clang version 3.8.1-24 (tags/RELEASE_381/final)
Target: x86_64-pc-linux-gnu
Thread model: posix
InstalledDir: /usr/bin
Found candidate GCC installation: /usr/bin/../lib/gcc/x86_64-linux-gnu/6.3.0
Found candidate GCC installation: /usr/lib/gcc/x86_64-linux-gnu/6.3.0
Selected GCC installation: /usr/bin/../lib/gcc/x86_64-linux-gnu/6.3.0
Candidate multilib: .;@m64
Selected multilib: .;@m64
 "/usr/bin/ld" -export-dynamic --hash-style=both --build-id --eh-frame-hdr -m elf_x86_64 -dynamic-linker /lib64/ld-linux-x86-64.so.2 -o cmTC_48ddf /usr/bin/../lib/gcc/x86_64-linux-gnu/6.3.0/../../../x86_64-linux-gnu/crt1.o /usr/bin/../lib/gcc/x86_64-linux-gnu/6.3.0/../../../x86_64-linux-gnu/crti.o /usr/bin/../lib/gcc/x86_64-linux-gnu/6.3.0/crtbegin.o -L/usr/bin/../lib/gcc/x86_64-linux-gnu/6.3.0 -L/usr/bin/../lib/gcc/x86_64-linux-gnu/6.3.0/../../../x86_64-linux-gnu -L/lib/x86_64-linux-gnu -L/lib/../lib64 -L/usr/lib/x86_64-linux-gnu -L/usr/bin/../lib/gcc/x86_64-linux-gnu/6.3.0/../../.. -L/usr/lib/llvm-3.8/bin/../lib -L/lib -L/usr/lib CMakeFiles/cmTC_48ddf.dir/CMakeCCompilerABI.c.o -lgcc --as-needed -lgcc_s --no-as-needed -lc -lgcc --as-needed -lgcc_s --no-as-needed /usr/bin/../lib/gcc/x86_64-linux-gnu/6.3.0/crtend.o /usr/bin/../lib/gcc/x86_64-linux-gnu/6.3.0/../../../x86_64-linux-gnu/crtn.o
make[1]: Leaving directory '/users/stud/ledwon/Documents/compphysthree/ue9/bin/CMakeFiles/CMakeTmp'


Parsed C implicit link information from above output:
  link line regex: [^( *|.*[/\])(ld|([^/\]+-)?ld|collect2)[^/\]*( |$)]
  ignore line: [Change Dir: /users/stud/ledwon/Documents/compphysthree/ue9/bin/CMakeFiles/CMakeTmp]
  ignore line: []
  ignore line: [Run Build Command:"/usr/bin/make" "cmTC_48ddf/fast"]
  ignore line: [/usr/bin/make -f CMakeFiles/cmTC_48ddf.dir/build.make CMakeFiles/cmTC_48ddf.dir/build]
  ignore line: [make[1]: Entering directory '/users/stud/ledwon/Documents/compphysthree/ue9/bin/CMakeFiles/CMakeTmp']
  ignore line: [Building C object CMakeFiles/cmTC_48ddf.dir/CMakeCCompilerABI.c.o]
  ignore line: [/usr/bin/clang-3.8     -o CMakeFiles/cmTC_48ddf.dir/CMakeCCompilerABI.c.o   -c /usr/share/cmake-3.7/Modules/CMakeCCompilerABI.c]
  ignore line: [Linking C executable cmTC_48ddf]
  ignore line: [/usr/bin/cmake -E cmake_link_script CMakeFiles/cmTC_48ddf.dir/link.txt --verbose=1]
  ignore line: [/usr/bin/clang-3.8      -v CMakeFiles/cmTC_48ddf.dir/CMakeCCompilerABI.c.o  -o cmTC_48ddf -rdynamic  ]
  ignore line: [clang version 3.8.1-24 (tags/RELEASE_381/final)]
  ignore line: [Target: x86_64-pc-linux-gnu]
  ignore line: [Thread model: posix]
  ignore line: [InstalledDir: /usr/bin]
  ignore line: [Found candidate GCC installation: /usr/bin/../lib/gcc/x86_64-linux-gnu/6.3.0]
  ignore line: [Found candidate GCC installation: /usr/lib/gcc/x86_64-linux-gnu/6.3.0]
  ignore line: [Selected GCC installation: /usr/bin/../lib/gcc/x86_64-linux-gnu/6.3.0]
  ignore line: [Candidate multilib: .]
  ignore line: [@m64]
  ignore line: [Selected multilib: .]
  ignore line: [@m64]
  link line: [ "/usr/bin/ld" -export-dynamic --hash-style=both --build-id --eh-frame-hdr -m elf_x86_64 -dynamic-linker /lib64/ld-linux-x86-64.so.2 -o cmTC_48ddf /usr/bin/../lib/gcc/x86_64-linux-gnu/6.3.0/../../../x86_64-linux-gnu/crt1.o /usr/bin/../lib/gcc/x86_64-linux-gnu/6.3.0/../../../x86_64-linux-gnu/crti.o /usr/bin/../lib/gcc/x86_64-linux-gnu/6.3.0/crtbegin.o -L/usr/bin/../lib/gcc/x86_64-linux-gnu/6.3.0 -L/usr/bin/../lib/gcc/x86_64-linux-gnu/6.3.0/../../../x86_64-linux-gnu -L/lib/x86_64-linux-gnu -L/lib/../lib64 -L/usr/lib/x86_64-linux-gnu -L/usr/bin/../lib/gcc/x86_64-linux-gnu/6.3.0/../../.. -L/usr/lib/llvm-3.8/bin/../lib -L/lib -L/usr/lib CMakeFiles/cmTC_48ddf.dir/CMakeCCompilerABI.c.o -lgcc --as-needed -lgcc_s --no-as-needed -lc -lgcc --as-needed -lgcc_s --no-as-needed /usr/bin/../lib/gcc/x86_64-linux-gnu/6.3.0/crtend.o /usr/bin/../lib/gcc/x86_64-linux-gnu/6.3.0/../../../x86_64-linux-gnu/crtn.o]
    arg [/usr/bin/ld] ==> ignore
    arg [-export-dynamic] ==> ignore
    arg [--hash-style=both] ==> ignore
    arg [--build-id] ==> ignore
    arg [--eh-frame-hdr] ==> ignore
    arg [-m] ==> ignore
    arg [elf_x86_64] ==> ignore
    arg [-dynamic-linker] ==> ignore
    arg [/lib64/ld-linux-x86-64.so.2] ==> ignore
    arg [-o] ==> ignore
    arg [cmTC_48ddf] ==> ignore
    arg [/usr/bin/../lib/gcc/x86_64-linux-gnu/6.3.0/../../../x86_64-linux-gnu/crt1.o] ==> ignore
    arg [/usr/bin/../lib/gcc/x86_64-linux-gnu/6.3.0/../../../x86_64-linux-gnu/crti.o] ==> ignore
    arg [/usr/bin/../lib/gcc/x86_64-linux-gnu/6.3.0/crtbegin.o] ==> ignore
    arg [-L/usr/bin/../lib/gcc/x86_64-linux-gnu/6.3.0] ==> dir [/usr/bin/../lib/gcc/x86_64-linux-gnu/6.3.0]
    arg [-L/usr/bin/../lib/gcc/x86_64-linux-gnu/6.3.0/../../../x86_64-linux-gnu] ==> dir [/usr/bin/../lib/gcc/x86_64-linux-gnu/6.3.0/../../../x86_64-linux-gnu]
    arg [-L/lib/x86_64-linux-gnu] ==> dir [/lib/x86_64-linux-gnu]
    arg [-L/lib/../lib64] ==> dir [/lib/../lib64]
    arg [-L/usr/lib/x86_64-linux-gnu] ==> dir [/usr/lib/x86_64-linux-gnu]
    arg [-L/usr/bin/../lib/gcc/x86_64-linux-gnu/6.3.0/../../..] ==> dir [/usr/bin/../lib/gcc/x86_64-linux-gnu/6.3.0/../../..]
    arg [-L/usr/lib/llvm-3.8/bin/../lib] ==> dir [/usr/lib/llvm-3.8/bin/../lib]
    arg [-L/lib] ==> dir [/lib]
    arg [-L/usr/lib] ==> dir [/usr/lib]
    arg [CMakeFiles/cmTC_48ddf.dir/CMakeCCompilerABI.c.o] ==> ignore
    arg [-lgcc] ==> lib [gcc]
    arg [--as-needed] ==> ignore
    arg [-lgcc_s] ==> lib [gcc_s]
    arg [--no-as-needed] ==> ignore
    arg [-lc] ==> lib [c]
    arg [-lgcc] ==> lib [gcc]
    arg [--as-needed] ==> ignore
    arg [-lgcc_s] ==> lib [gcc_s]
    arg [--no-as-needed] ==> ignore
    arg [/usr/bin/../lib/gcc/x86_64-linux-gnu/6.3.0/crtend.o] ==> ignore
    arg [/usr/bin/../lib/gcc/x86_64-linux-gnu/6.3.0/../../../x86_64-linux-gnu/crtn.o] ==> ignore
  remove lib [gcc]
  remove lib [gcc_s]
  remove lib [gcc]
  remove lib [gcc_s]
  collapse library dir [/usr/bin/../lib/gcc/x86_64-linux-gnu/6.3.0] ==> [/usr/lib/gcc/x86_64-linux-gnu/6.3.0]
  collapse library dir [/usr/bin/../lib/gcc/x86_64-linux-gnu/6.3.0/../../../x86_64-linux-gnu] ==> [/usr/lib/x86_64-linux-gnu]
  collapse library dir [/lib/x86_64-linux-gnu] ==> [/lib/x86_64-linux-gnu]
  collapse library dir [/lib/../lib64] ==> [/lib64]
  collapse library dir [/usr/lib/x86_64-linux-gnu] ==> [/usr/lib/x86_64-linux-gnu]
  collapse library dir [/usr/bin/../lib/gcc/x86_64-linux-gnu/6.3.0/../../..] ==> [/usr/lib]
  collapse library dir [/usr/lib/llvm-3.8/bin/../lib] ==> [/usr/lib/llvm-3.8/lib]
  collapse library dir [/lib] ==> [/lib]
  collapse library dir [/usr/lib] ==> [/usr/lib]
  implicit libs: [c]
  implicit dirs: [/usr/lib/gcc/x86_64-linux-gnu/6.3.0;/usr/lib/x86_64-linux-gnu;/lib/x86_64-linux-gnu;/lib64;/usr/lib;/usr/lib/llvm-3.8/lib;/lib]
  implicit fwks: []




Detecting C [-std=c11] compiler features compiled with the following output:
Change Dir: /users/stud/ledwon/Documents/compphysthree/ue9/bin/CMakeFiles/CMakeTmp

Run Build Command:"/usr/bin/make" "cmTC_dca72/fast"
/usr/bin/make -f CMakeFiles/cmTC_dca72.dir/build.make CMakeFiles/cmTC_dca72.dir/build
make[1]: Entering directory '/users/stud/ledwon/Documents/compphysthree/ue9/bin/CMakeFiles/CMakeTmp'
Building C object CMakeFiles/cmTC_dca72.dir/feature_tests.c.o
/usr/bin/clang-3.8    -std=c11 -o CMakeFiles/cmTC_dca72.dir/feature_tests.c.o   -c /users/stud/ledwon/Documents/compphysthree/ue9/bin/CMakeFiles/feature_tests.c
Linking C executable cmTC_dca72
/usr/bin/cmake -E cmake_link_script CMakeFiles/cmTC_dca72.dir/link.txt --verbose=1
/usr/bin/clang-3.8       CMakeFiles/cmTC_dca72.dir/feature_tests.c.o  -o cmTC_dca72 -rdynamic 
make[1]: Leaving directory '/users/stud/ledwon/Documents/compphysthree/ue9/bin/CMakeFiles/CMakeTmp'


    Feature record: C_FEATURE:1c_function_prototypes
    Feature record: C_FEATURE:1c_restrict
    Feature record: C_FEATURE:1c_static_assert
    Feature record: C_FEATURE:1c_variadic_macros


Detecting C [-std=c99] compiler features compiled with the following output:
Change Dir: /users/stud/ledwon/Documents/compphysthree/ue9/bin/CMakeFiles/CMakeTmp

Run Build Command:"/usr/bin/make" "cmTC_72a43/fast"
/usr/bin/make -f CMakeFiles/cmTC_72a43.dir/build.make CMakeFiles/cmTC_72a43.dir/build
make[1]: Entering directory '/users/stud/ledwon/Documents/compphysthree/ue9/bin/CMakeFiles/CMakeTmp'
Building C object CMakeFiles/cmTC_72a43.dir/feature_tests.c.o
/usr/bin/clang-3.8    -std=c99 -o CMakeFiles/cmTC_72a43.dir/feature_tests.c.o   -c /users/stud/ledwon/Documents/compphysthree/ue9/bin/CMakeFiles/feature_tests.c
Linking C executable cmTC_72a43
/usr/bin/cmake -E cmake_link_script CMakeFiles/cmTC_72a43.dir/link.txt --verbose=1
/usr/bin/clang-3.8       CMakeFiles/cmTC_72a43.dir/feature_tests.c.o  -o cmTC_72a43 -rdynamic 
make[1]: Leaving directory '/users/stud/ledwon/Documents/compphysthree/ue9/bin/CMakeFiles/CMakeTmp'


    Feature record: C_FEATURE:1c_function_prototypes
    Feature record: C_FEATURE:1c_restrict
    Feature record: C_FEATURE:0c_static_assert
    Feature record: C_FEATURE:1c_variadic_macros


Detecting C [-std=c90] compiler features compiled with the following output:
Change Dir: /users/stud/ledwon/Documents/compphysthree/ue9/bin/CMakeFiles/CMakeTmp

Run Build Command:"/usr/bin/make" "cmTC_00df0/fast"
/usr/bin/make -f CMakeFiles/cmTC_00df0.dir/build.make CMakeFiles/cmTC_00df0.dir/build
make[1]: Entering directory '/users/stud/ledwon/Documents/compphysthree/ue9/bin/CMakeFiles/CMakeTmp'
Building C object CMakeFiles/cmTC_00df0.dir/feature_tests.c.o
/usr/bin/clang-3.8    -std=c90 -o CMakeFiles/cmTC_00df0.dir/feature_tests.c.o   -c /users/stud/ledwon/Documents/compphysthree/ue9/bin/CMakeFiles/feature_tests.c
Linking C executable cmTC_00df0
/usr/bin/cmake -E cmake_link_script CMakeFiles/cmTC_00df0.dir/link.txt --verbose=1
/usr/bin/clang-3.8       CMakeFiles/cmTC_00df0.dir/feature_tests.c.o  -o cmTC_00df0 -rdynamic 
make[1]: Leaving directory '/users/stud/ledwon/Documents/compphysthree/ue9/bin/CMakeFiles/CMakeTmp'


    Feature record: C_FEATURE:1c_function_prototypes
    Feature record: C_FEATURE:0c_restrict
    Feature record: C_FEATURE:0c_static_assert
    Feature record: C_FEATURE:0c_variadic_macros
Determining if the CXX compiler works passed with the following output:
Change Dir: /users/stud/ledwon/Documents/compphysthree/ue9/bin/CMakeFiles/CMakeTmp

Run Build Command:"/usr/bin/make" "cmTC_4f1d3/fast"
/usr/bin/make -f CMakeFiles/cmTC_4f1d3.dir/build.make CMakeFiles/cmTC_4f1d3.dir/build
make[1]: Entering directory '/users/stud/ledwon/Documents/compphysthree/ue9/bin/CMakeFiles/CMakeTmp'
Building CXX object CMakeFiles/cmTC_4f1d3.dir/testCXXCompiler.cxx.o
/usr/bin/clang++-3.8      -o CMakeFiles/cmTC_4f1d3.dir/testCXXCompiler.cxx.o -c /users/stud/ledwon/Documents/compphysthree/ue9/bin/CMakeFiles/CMakeTmp/testCXXCompiler.cxx
Linking CXX executable cmTC_4f1d3
/usr/bin/cmake -E cmake_link_script CMakeFiles/cmTC_4f1d3.dir/link.txt --verbose=1
/usr/bin/clang++-3.8        CMakeFiles/cmTC_4f1d3.dir/testCXXCompiler.cxx.o  -o cmTC_4f1d3 -rdynamic 
make[1]: Leaving directory '/users/stud/ledwon/Documents/compphysthree/ue9/bin/CMakeFiles/CMakeTmp'


Detecting CXX compiler ABI info compiled with the following output:
Change Dir: /users/stud/ledwon/Documents/compphysthree/ue9/bin/CMakeFiles/CMakeTmp

Run Build Command:"/usr/bin/make" "cmTC_89cfe/fast"
/usr/bin/make -f CMakeFiles/cmTC_89cfe.dir/build.make CMakeFiles/cmTC_89cfe.dir/build
make[1]: Entering directory '/users/stud/ledwon/Documents/compphysthree/ue9/bin/CMakeFiles/CMakeTmp'
Building CXX object CMakeFiles/cmTC_89cfe.dir/CMakeCXXCompilerABI.cpp.o
/usr/bin/clang++-3.8      -o CMakeFiles/cmTC_89cfe.dir/CMakeCXXCompilerABI.cpp.o -c /usr/share/cmake-3.7/Modules/CMakeCXXCompilerABI.cpp
Linking CXX executable cmTC_89cfe
/usr/bin/cmake -E cmake_link_script CMakeFiles/cmTC_89cfe.dir/link.txt --verbose=1
/usr/bin/clang++-3.8       -v CMakeFiles/cmTC_89cfe.dir/CMakeCXXCompilerABI.cpp.o  -o cmTC_89cfe -rdynamic  
clang version 3.8.1-24 (tags/RELEASE_381/final)
Target: x86_64-pc-linux-gnu
Thread model: posix
InstalledDir: /usr/bin
Found candidate GCC installation: /usr/bin/../lib/gcc/x86_64-linux-gnu/6.3.0
Found candidate GCC installation: /usr/lib/gcc/x86_64-linux-gnu/6.3.0
Selected GCC installation: /usr/bin/../lib/gcc/x86_64-linux-gnu/6.3.0
Candidate multilib: .;@m64
Selected multilib: .;@m64
 "/usr/bin/ld" -export-dynamic --hash-style=both --build-id --eh-frame-hdr -m elf_x86_64 -dynamic-linker /lib64/ld-linux-x86-64.so.2 -o cmTC_89cfe /usr/bin/../lib/gcc/x86_64-linux-gnu/6.3.0/../../../x86_64-linux-gnu/crt1.o /usr/bin/../lib/gcc/x86_64-linux-gnu/6.3.0/../../../x86_64-linux-gnu/crti.o /usr/bin/../lib/gcc/x86_64-linux-gnu/6.3.0/crtbegin.o -L/usr/bin/../lib/gcc/x86_64-linux-gnu/6.3.0 -L/usr/bin/../lib/gcc/x86_64-linux-gnu/6.3.0/../../../x86_64-linux-gnu -L/lib/x86_64-linux-gnu -L/lib/../lib64 -L/usr/lib/x86_64-linux-gnu -L/usr/bin/../lib/gcc/x86_64-linux-gnu/6.3.0/../../.. -L/usr/lib/llvm-3.8/bin/../lib -L/lib -L/usr/lib CMakeFiles/cmTC_89cfe.dir/CMakeCXXCompilerABI.cpp.o -lstdc++ -lm -lgcc_s -lgcc -lc -lgcc_s -lgcc /usr/bin/../lib/gcc/x86_64-linux-gnu/6.3.0/crtend.o /usr/bin/../lib/gcc/x86_64-linux-gnu/6.3.0/../../../x86_64-linux-gnu/crtn.o
make[1]: Leaving directory '/users/stud/ledwon/Documents/compphysthree/ue9/bin/CMakeFiles/CMakeTmp'


Parsed CXX implicit link information from above output:
  link line regex: [^( *|.*[/\])(ld|([^/\]+-)?ld|collect2)[^/\]*( |$)]
  ignore line: [Change Dir: /users/stud/ledwon/Documents/compphysthree/ue9/bin/CMakeFiles/CMakeTmp]
  ignore line: []
  ignore line: [Run Build Command:"/usr/bin/make" "cmTC_89cfe/fast"]
  ignore line: [/usr/bin/make -f CMakeFiles/cmTC_89cfe.dir/build.make CMakeFiles/cmTC_89cfe.dir/build]
  ignore line: [make[1]: Entering directory '/users/stud/ledwon/Documents/compphysthree/ue9/bin/CMakeFiles/CMakeTmp']
  ignore line: [Building CXX object CMakeFiles/cmTC_89cfe.dir/CMakeCXXCompilerABI.cpp.o]
  ignore line: [/usr/bin/clang++-3.8      -o CMakeFiles/cmTC_89cfe.dir/CMakeCXXCompilerABI.cpp.o -c /usr/share/cmake-3.7/Modules/CMakeCXXCompilerABI.cpp]
  ignore line: [Linking CXX executable cmTC_89cfe]
  ignore line: [/usr/bin/cmake -E cmake_link_script CMakeFiles/cmTC_89cfe.dir/link.txt --verbose=1]
  ignore line: [/usr/bin/clang++-3.8       -v CMakeFiles/cmTC_89cfe.dir/CMakeCXXCompilerABI.cpp.o  -o cmTC_89cfe -rdynamic  ]
  ignore line: [clang version 3.8.1-24 (tags/RELEASE_381/final)]
  ignore line: [Target: x86_64-pc-linux-gnu]
  ignore line: [Thread model: posix]
  ignore line: [InstalledDir: /usr/bin]
  ignore line: [Found candidate GCC installation: /usr/bin/../lib/gcc/x86_64-linux-gnu/6.3.0]
  ignore line: [Found candidate GCC installation: /usr/lib/gcc/x86_64-linux-gnu/6.3.0]
  ignore line: [Selected GCC installation: /usr/bin/../lib/gcc/x86_64-linux-gnu/6.3.0]
  ignore line: [Candidate multilib: .]
  ignore line: [@m64]
  ignore line: [Selected multilib: .]
  ignore line: [@m64]
  link line: [ "/usr/bin/ld" -export-dynamic --hash-style=both --build-id --eh-frame-hdr -m elf_x86_64 -dynamic-linker /lib64/ld-linux-x86-64.so.2 -o cmTC_89cfe /usr/bin/../lib/gcc/x86_64-linux-gnu/6.3.0/../../../x86_64-linux-gnu/crt1.o /usr/bin/../lib/gcc/x86_64-linux-gnu/6.3.0/../../../x86_64-linux-gnu/crti.o /usr/bin/../lib/gcc/x86_64-linux-gnu/6.3.0/crtbegin.o -L/usr/bin/../lib/gcc/x86_64-linux-gnu/6.3.0 -L/usr/bin/../lib/gcc/x86_64-linux-gnu/6.3.0/../../../x86_64-linux-gnu -L/lib/x86_64-linux-gnu -L/lib/../lib64 -L/usr/lib/x86_64-linux-gnu -L/usr/bin/../lib/gcc/x86_64-linux-gnu/6.3.0/../../.. -L/usr/lib/llvm-3.8/bin/../lib -L/lib -L/usr/lib CMakeFiles/cmTC_89cfe.dir/CMakeCXXCompilerABI.cpp.o -lstdc++ -lm -lgcc_s -lgcc -lc -lgcc_s -lgcc /usr/bin/../lib/gcc/x86_64-linux-gnu/6.3.0/crtend.o /usr/bin/../lib/gcc/x86_64-linux-gnu/6.3.0/../../../x86_64-linux-gnu/crtn.o]
    arg [/usr/bin/ld] ==> ignore
    arg [-export-dynamic] ==> ignore
    arg [--hash-style=both] ==> ignore
    arg [--build-id] ==> ignore
    arg [--eh-frame-hdr] ==> ignore
    arg [-m] ==> ignore
    arg [elf_x86_64] ==> ignore
    arg [-dynamic-linker] ==> ignore
    arg [/lib64/ld-linux-x86-64.so.2] ==> ignore
    arg [-o] ==> ignore
    arg [cmTC_89cfe] ==> ignore
    arg [/usr/bin/../lib/gcc/x86_64-linux-gnu/6.3.0/../../../x86_64-linux-gnu/crt1.o] ==> ignore
    arg [/usr/bin/../lib/gcc/x86_64-linux-gnu/6.3.0/../../../x86_64-linux-gnu/crti.o] ==> ignore
    arg [/usr/bin/../lib/gcc/x86_64-linux-gnu/6.3.0/crtbegin.o] ==> ignore
    arg [-L/usr/bin/../lib/gcc/x86_64-linux-gnu/6.3.0] ==> dir [/usr/bin/../lib/gcc/x86_64-linux-gnu/6.3.0]
    arg [-L/usr/bin/../lib/gcc/x86_64-linux-gnu/6.3.0/../../../x86_64-linux-gnu] ==> dir [/usr/bin/../lib/gcc/x86_64-linux-gnu/6.3.0/../../../x86_64-linux-gnu]
    arg [-L/lib/x86_64-linux-gnu] ==> dir [/lib/x86_64-linux-gnu]
    arg [-L/lib/../lib64] ==> dir [/lib/../lib64]
    arg [-L/usr/lib/x86_64-linux-gnu] ==> dir [/usr/lib/x86_64-linux-gnu]
    arg [-L/usr/bin/../lib/gcc/x86_64-linux-gnu/6.3.0/../../..] ==> dir [/usr/bin/../lib/gcc/x86_64-linux-gnu/6.3.0/../../..]
    arg [-L/usr/lib/llvm-3.8/bin/../lib] ==> dir [/usr/lib/llvm-3.8/bin/../lib]
    arg [-L/lib] ==> dir [/lib]
    arg [-L/usr/lib] ==> dir [/usr/lib]
    arg [CMakeFiles/cmTC_89cfe.dir/CMakeCXXCompilerABI.cpp.o] ==> ignore
    arg [-lstdc++] ==> lib [stdc++]
    arg [-lm] ==> lib [m]
    arg [-lgcc_s] ==> lib [gcc_s]
    arg [-lgcc] ==> lib [gcc]
    arg [-lc] ==> lib [c]
    arg [-lgcc_s] ==> lib [gcc_s]
    arg [-lgcc] ==> lib [gcc]
    arg [/usr/bin/../lib/gcc/x86_64-linux-gnu/6.3.0/crtend.o] ==> ignore
    arg [/usr/bin/../lib/gcc/x86_64-linux-gnu/6.3.0/../../../x86_64-linux-gnu/crtn.o] ==> ignore
  remove lib [gcc_s]
  remove lib [gcc]
  remove lib [gcc_s]
  remove lib [gcc]
  collapse library dir [/usr/bin/../lib/gcc/x86_64-linux-gnu/6.3.0] ==> [/usr/lib/gcc/x86_64-linux-gnu/6.3.0]
  collapse library dir [/usr/bin/../lib/gcc/x86_64-linux-gnu/6.3.0/../../../x86_64-linux-gnu] ==> [/usr/lib/x86_64-linux-gnu]
  collapse library dir [/lib/x86_64-linux-gnu] ==> [/lib/x86_64-linux-gnu]
  collapse library dir [/lib/../lib64] ==> [/lib64]
  collapse library dir [/usr/lib/x86_64-linux-gnu] ==> [/usr/lib/x86_64-linux-gnu]
  collapse library dir [/usr/bin/../lib/gcc/x86_64-linux-gnu/6.3.0/../../..] ==> [/usr/lib]
  collapse library dir [/usr/lib/llvm-3.8/bin/../lib] ==> [/usr/lib/llvm-3.8/lib]
  collapse library dir [/lib] ==> [/lib]
  collapse library dir [/usr/lib] ==> [/usr/lib]
  implicit libs: [stdc++;m;c]
  implicit dirs: [/usr/lib/gcc/x86_64-linux-gnu/6.3.0;/usr/lib/x86_64-linux-gnu;/lib/x86_64-linux-gnu;/lib64;/usr/lib;/usr/lib/llvm-3.8/lib;/lib]
  implicit fwks: []




Detecting CXX [-std=c++14] compiler features compiled with the following output:
Change Dir: /users/stud/ledwon/Documents/compphysthree/ue9/bin/CMakeFiles/CMakeTmp

Run Build Command:"/usr/bin/make" "cmTC_0c121/fast"
/usr/bin/make -f CMakeFiles/cmTC_0c121.dir/build.make CMakeFiles/cmTC_0c121.dir/build
make[1]: Entering directory '/users/stud/ledwon/Documents/compphysthree/ue9/bin/CMakeFiles/CMakeTmp'
Building CXX object CMakeFiles/cmTC_0c121.dir/feature_tests.cxx.o
/usr/bin/clang++-3.8     -std=c++14 -o CMakeFiles/cmTC_0c121.dir/feature_tests.cxx.o -c /users/stud/ledwon/Documents/compphysthree/ue9/bin/CMakeFiles/feature_tests.cxx
Linking CXX executable cmTC_0c121
/usr/bin/cmake -E cmake_link_script CMakeFiles/cmTC_0c121.dir/link.txt --verbose=1
/usr/bin/clang++-3.8        CMakeFiles/cmTC_0c121.dir/feature_tests.cxx.o  -o cmTC_0c121 -rdynamic 
make[1]: Leaving directory '/users/stud/ledwon/Documents/compphysthree/ue9/bin/CMakeFiles/CMakeTmp'


    Feature record: CXX_FEATURE:1cxx_aggregate_default_initializers
    Feature record: CXX_FEATURE:1cxx_alias_templates
    Feature record: CXX_FEATURE:1cxx_alignas
    Feature record: CXX_FEATURE:1cxx_alignof
    Feature record: CXX_FEATURE:1cxx_attributes
    Feature record: CXX_FEATURE:1cxx_attribute_deprecated
    Feature record: CXX_FEATURE:1cxx_auto_type
    Feature record: CXX_FEATURE:1cxx_binary_literals
    Feature record: CXX_FEATURE:1cxx_constexpr
    Feature record: CXX_FEATURE:1cxx_contextual_conversions
    Feature record: CXX_FEATURE:1cxx_decltype
    Feature record: CXX_FEATURE:1cxx_decltype_auto
    Feature record: CXX_FEATURE:1cxx_decltype_incomplete_return_types
    Feature record: CXX_FEATURE:1cxx_default_function_template_args
    Feature record: CXX_FEATURE:1cxx_defaulted_functions
    Feature record: CXX_FEATURE:1cxx_defaulted_move_initializers
    Feature record: CXX_FEATURE:1cxx_delegating_constructors
    Feature record: CXX_FEATURE:1cxx_deleted_functions
    Feature record: CXX_FEATURE:1cxx_digit_separators
    Feature record: CXX_FEATURE:1cxx_enum_forward_declarations
    Feature record: CXX_FEATURE:1cxx_explicit_conversions
    Feature record: CXX_FEATURE:1cxx_extended_friend_declarations
    Feature record: CXX_FEATURE:1cxx_extern_templates
    Feature record: CXX_FEATURE:1cxx_final
    Feature record: CXX_FEATURE:1cxx_func_identifier
    Feature record: CXX_FEATURE:1cxx_generalized_initializers
    Feature record: CXX_FEATURE:1cxx_generic_lambdas
    Feature record: CXX_FEATURE:1cxx_inheriting_constructors
    Feature record: CXX_FEATURE:1cxx_inline_namespaces
    Feature record: CXX_FEATURE:1cxx_lambdas
    Feature record: CXX_FEATURE:1cxx_lambda_init_captures
    Feature record: CXX_FEATURE:1cxx_local_type_template_args
    Feature record: CXX_FEATURE:1cxx_long_long_type
    Feature record: CXX_FEATURE:1cxx_noexcept
    Feature record: CXX_FEATURE:1cxx_nonstatic_member_init
    Feature record: CXX_FEATURE:1cxx_nullptr
    Feature record: CXX_FEATURE:1cxx_override
    Feature record: CXX_FEATURE:1cxx_range_for
    Feature record: CXX_FEATURE:1cxx_raw_string_literals
    Feature record: CXX_FEATURE:1cxx_reference_qualified_functions
    Feature record: CXX_FEATURE:1cxx_relaxed_constexpr
    Feature record: CXX_FEATURE:1cxx_return_type_deduction
    Feature record: CXX_FEATURE:1cxx_right_angle_brackets
    Feature record: CXX_FEATURE:1cxx_rvalue_references
    Feature record: CXX_FEATURE:1cxx_sizeof_member
    Feature record: CXX_FEATURE:1cxx_static_assert
    Feature record: CXX_FEATURE:1cxx_strong_enums
    Feature record: CXX_FEATURE:1cxx_template_template_parameters
    Feature record: CXX_FEATURE:1cxx_thread_local
    Feature record: CXX_FEATURE:1cxx_trailing_return_types
    Feature record: CXX_FEATURE:1cxx_unicode_literals
    Feature record: CXX_FEATURE:1cxx_uniform_initialization
    Feature record: CXX_FEATURE:1cxx_unrestricted_unions
    Feature record: CXX_FEATURE:1cxx_user_literals
    Feature record: CXX_FEATURE:1cxx_variable_templates
    Feature record: CXX_FEATURE:1cxx_variadic_macros
    Feature record: CXX_FEATURE:1cxx_variadic_templates


Detecting CXX [-std=c++11] compiler features compiled with the following output:
Change Dir: /users/stud/ledwon/Documents/compphysthree/ue9/bin/CMakeFiles/CMakeTmp

Run Build Command:"/usr/bin/make" "cmTC_26d7e/fast"
/usr/bin/make -f CMakeFiles/cmTC_26d7e.dir/build.make CMakeFiles/cmTC_26d7e.dir/build
make[1]: Entering directory '/users/stud/ledwon/Documents/compphysthree/ue9/bin/CMakeFiles/CMakeTmp'
Building CXX object CMakeFiles/cmTC_26d7e.dir/feature_tests.cxx.o
/usr/bin/clang++-3.8     -std=c++11 -o CMakeFiles/cmTC_26d7e.dir/feature_tests.cxx.o -c /users/stud/ledwon/Documents/compphysthree/ue9/bin/CMakeFiles/feature_tests.cxx
Linking CXX executable cmTC_26d7e
/usr/bin/cmake -E cmake_link_script CMakeFiles/cmTC_26d7e.dir/link.txt --verbose=1
/usr/bin/clang++-3.8        CMakeFiles/cmTC_26d7e.dir/feature_tests.cxx.o  -o cmTC_26d7e -rdynamic 
make[1]: Leaving directory '/users/stud/ledwon/Documents/compphysthree/ue9/bin/CMakeFiles/CMakeTmp'


    Feature record: CXX_FEATURE:0cxx_aggregate_default_initializers
    Feature record: CXX_FEATURE:1cxx_alias_templates
    Feature record: CXX_FEATURE:1cxx_alignas
    Feature record: CXX_FEATURE:1cxx_alignof
    Feature record: CXX_FEATURE:1cxx_attributes
    Feature record: CXX_FEATURE:0cxx_attribute_deprecated
    Feature record: CXX_FEATURE:1cxx_auto_type
    Feature record: CXX_FEATURE:0cxx_binary_literals
    Feature record: CXX_FEATURE:1cxx_constexpr
    Feature record: CXX_FEATURE:0cxx_contextual_conversions
    Feature record: CXX_FEATURE:1cxx_decltype
    Feature record: CXX_FEATURE:0cxx_decltype_auto
    Feature record: CXX_FEATURE:1cxx_decltype_incomplete_return_types
    Feature record: CXX_FEATURE:1cxx_default_function_template_args
    Feature record: CXX_FEATURE:1cxx_defaulted_functions
    Feature record: CXX_FEATURE:1cxx_defaulted_move_initializers
    Feature record: CXX_FEATURE:1cxx_delegating_constructors
    Feature record: CXX_FEATURE:1cxx_deleted_functions
    Feature record: CXX_FEATURE:0cxx_digit_separators
    Feature record: CXX_FEATURE:1cxx_enum_forward_declarations
    Feature record: CXX_FEATURE:1cxx_explicit_conversions
    Feature record: CXX_FEATURE:1cxx_extended_friend_declarations
    Feature record: CXX_FEATURE:1cxx_extern_templates
    Feature record: CXX_FEATURE:1cxx_final
    Feature record: CXX_FEATURE:1cxx_func_identifier
    Feature record: CXX_FEATURE:1cxx_generalized_initializers
    Feature record: CXX_FEATURE:0cxx_generic_lambdas
    Feature record: CXX_FEATURE:1cxx_inheriting_constructors
    Feature record: CXX_FEATURE:1cxx_inline_namespaces
    Feature record: CXX_FEATURE:1cxx_lambdas
    Feature record: CXX_FEATURE:0cxx_lambda_init_captures
    Feature record: CXX_FEATURE:1cxx_local_type_template_args
    Feature record: CXX_FEATURE:1cxx_long_long_type
    Feature record: CXX_FEATURE:1cxx_noexcept
    Feature record: CXX_FEATURE:1cxx_nonstatic_member_init
    Feature record: CXX_FEATURE:1cxx_nullptr
    Feature record: CXX_FEATURE:1cxx_override
    Feature record: CXX_FEATURE:1cxx_range_for
    Feature record: CXX_FEATURE:1cxx_raw_string_literals
    Feature record: CXX_FEATURE:1cxx_reference_qualified_functions
    Feature record: CXX_FEATURE:0cxx_relaxed_constexpr
    Feature record: CXX_FEATURE:0cxx_return_type_deduction
    Feature record: CXX_FEATURE:1cxx_right_angle_brackets
    Feature record: CXX_FEATURE:1cxx_rvalue_references
    Feature record: CXX_FEATURE:1cxx_sizeof_member
    Feature record: CXX_FEATURE:1cxx_static_assert
    Feature record: CXX_FEATURE:1cxx_strong_enums
    Feature record: CXX_FEATURE:1cxx_template_template_parameters
    Feature record: CXX_FEATURE:1cxx_thread_local
    Feature record: CXX_FEATURE:1cxx_trailing_return_types
    Feature record: CXX_FEATURE:1cxx_unicode_literals
    Feature record: CXX_FEATURE:1cxx_uniform_initialization
    Feature record: CXX_FEATURE:1cxx_unrestricted_unions
    Feature record: CXX_FEATURE:1cxx_user_literals
    Feature record: CXX_FEATURE:0cxx_variable_templates
    Feature record: CXX_FEATURE:1cxx_variadic_macros
    Feature record: CXX_FEATURE:1cxx_variadic_templates


Detecting CXX [-std=c++98] compiler features compiled with the following output:
Change Dir: /users/stud/ledwon/Documents/compphysthree/ue9/bin/CMakeFiles/CMakeTmp

Run Build Command:"/usr/bin/make" "cmTC_fc013/fast"
/usr/bin/make -f CMakeFiles/cmTC_fc013.dir/build.make CMakeFiles/cmTC_fc013.dir/build
make[1]: Entering directory '/users/stud/ledwon/Documents/compphysthree/ue9/bin/CMakeFiles/CMakeTmp'
Building CXX object CMakeFiles/cmTC_fc013.dir/feature_tests.cxx.o
/usr/bin/clang++-3.8     -std=c++98 -o CMakeFiles/cmTC_fc013.dir/feature_tests.cxx.o -c /users/stud/ledwon/Documents/compphysthree/ue9/bin/CMakeFiles/feature_tests.cxx
Linking CXX executable cmTC_fc013
/usr/bin/cmake -E cmake_link_script CMakeFiles/cmTC_fc013.dir/link.txt --verbose=1
/usr/bin/clang++-3.8        CMakeFiles/cmTC_fc013.dir/feature_tests.cxx.o  -o cmTC_fc013 -rdynamic 
make[1]: Leaving directory '/users/stud/ledwon/Documents/compphysthree/ue9/bin/CMakeFiles/CMakeTmp'


    Feature record: CXX_FEATURE:0cxx_aggregate_default_initializers
    Feature record: CXX_FEATURE:0cxx_alias_templates
    Feature record: CXX_FEATURE:0cxx_alignas
    Feature record: CXX_FEATURE:0cxx_alignof
    Feature record: CXX_FEATURE:0cxx_attributes
    Feature record: CXX_FEATURE:0cxx_attribute_deprecated
    Feature record: CXX_FEATURE:0cxx_auto_type
    Feature record: CXX_FEATURE:0cxx_binary_literals
    Feature record: CXX_FEATURE:0cxx_constexpr
    Feature record: CXX_FEATURE:0cxx_contextual_conversions
    Feature record: CXX_FEATURE:0cxx_decltype
    Feature record: CXX_FEATURE:0cxx_decltype_auto
    Feature record: CXX_FEATURE:0cxx_decltype_incomplete_return_types
    Feature record: CXX_FEATURE:0cxx_default_function_template_args
    Feature record: CXX_FEATURE:0cxx_defaulted_functions
    Feature record: CXX_FEATURE:0cxx_defaulted_move_initializers
    Feature record: CXX_FEATURE:0cxx_delegating_constructors
    Feature record: CXX_FEATURE:0cxx_deleted_functions
    Feature record: CXX_FEATURE:0cxx_digit_separators
    Feature record: CXX_FEATURE:0cxx_enum_forward_declarations
    Feature record: CXX_FEATURE:0cxx_explicit_conversions
    Feature record: CXX_FEATURE:0cxx_extended_friend_declarations
    Feature record: CXX_FEATURE:0cxx_extern_templates
    Feature record: CXX_FEATURE:0cxx_final
    Feature record: CXX_FEATURE:0cxx_func_identifier
    Feature record: CXX_FEATURE:0cxx_generalized_initializers
    Feature record: CXX_FEATURE:0cxx_generic_lambdas
    Feature record: CXX_FEATURE:0cxx_inheriting_constructors
    Feature record: CXX_FEATURE:0cxx_inline_namespaces
    Feature record: CXX_FEATURE:0cxx_lambdas
    Feature record: CXX_FEATURE:0cxx_lambda_init_captures
    Feature record: CXX_FEATURE:0cxx_local_type_template_args
    Feature record: CXX_FEATURE:0cxx_long_long_type
    Feature record: CXX_FEATURE:0cxx_noexcept
    Feature record: CXX_FEATURE:0cxx_nonstatic_member_init
    Feature record: CXX_FEATURE:0cxx_nullptr
    Feature record: CXX_FEATURE:0cxx_override
    Feature record: CXX_FEATURE:0cxx_range_for
    Feature record: CXX_FEATURE:0cxx_raw_string_literals
    Feature record: CXX_FEATURE:0cxx_reference_qualified_functions
    Feature record: CXX_FEATURE:0cxx_relaxed_constexpr
    Feature record: CXX_FEATURE:0cxx_return_type_deduction
    Feature record: CXX_FEATURE:0cxx_right_angle_brackets
    Feature record: CXX_FEATURE:0cxx_rvalue_references
    Feature record: CXX_FEATURE:0cxx_sizeof_member
    Feature record: CXX_FEATURE:0cxx_static_assert
    Feature record: CXX_FEATURE:0cxx_strong_enums
    Feature record: CXX_FEATURE:1cxx_template_template_parameters
    Feature record: CXX_FEATURE:0cxx_thread_local
    Feature record: CXX_FEATURE:0cxx_trailing_return_types
    Feature record: CXX_FEATURE:0cxx_unicode_literals
    Feature record: CXX_FEATURE:0cxx_uniform_initialization
    Feature record: CXX_FEATURE:0cxx_unrestricted_unions
    Feature record: CXX_FEATURE:0cxx_user_literals
    Feature record: CXX_FEATURE:0cxx_variable_templates
    Feature record: CXX_FEATURE:0cxx_variadic_macros
    Feature record: CXX_FEATURE:0cxx_variadic_templates
Determining if the include file pthread.h exists passed with the following output:
Change Dir: /users/stud/ledwon/Documents/compphysthree/ue9/bin/CMakeFiles/CMakeTmp

Run Build Command:"/usr/bin/make" "cmTC_875fc/fast"
/usr/bin/make -f CMakeFiles/cmTC_875fc.dir/build.make CMakeFiles/cmTC_875fc.dir/build
make[1]: Entering directory '/users/stud/ledwon/Documents/compphysthree/ue9/bin/CMakeFiles/CMakeTmp'
Building C object CMakeFiles/cmTC_875fc.dir/CheckIncludeFile.c.o
/usr/bin/clang-3.8    -fPIC    -o CMakeFiles/cmTC_875fc.dir/CheckIncludeFile.c.o   -c /users/stud/ledwon/Documents/compphysthree/ue9/bin/CMakeFiles/CMakeTmp/CheckIncludeFile.c
Linking C executable cmTC_875fc
/usr/bin/cmake -E cmake_link_script CMakeFiles/cmTC_875fc.dir/link.txt --verbose=1
/usr/bin/clang-3.8  -fPIC     CMakeFiles/cmTC_875fc.dir/CheckIncludeFile.c.o  -o cmTC_875fc -rdynamic 
make[1]: Leaving directory '/users/stud/ledwon/Documents/compphysthree/ue9/bin/CMakeFiles/CMakeTmp'


Determining if the function pthread_create exists in the pthread passed with the following output:
Change Dir: /users/stud/ledwon/Documents/compphysthree/ue9/bin/CMakeFiles/CMakeTmp

Run Build Command:"/usr/bin/make" "cmTC_ef67d/fast"
/usr/bin/make -f CMakeFiles/cmTC_ef67d.dir/build.make CMakeFiles/cmTC_ef67d.dir/build
make[1]: Entering directory '/users/stud/ledwon/Documents/compphysthree/ue9/bin/CMakeFiles/CMakeTmp'
Building C object CMakeFiles/cmTC_ef67d.dir/CheckFunctionExists.c.o
/usr/bin/clang-3.8    -fPIC -DCHECK_FUNCTION_EXISTS=pthread_create   -o CMakeFiles/cmTC_ef67d.dir/CheckFunctionExists.c.o   -c /usr/share/cmake-3.7/Modules/CheckFunctionExists.c
Linking C executable cmTC_ef67d
/usr/bin/cmake -E cmake_link_script CMakeFiles/cmTC_ef67d.dir/link.txt --verbose=1
/usr/bin/clang-3.8  -fPIC -DCHECK_FUNCTION_EXISTS=pthread_create    CMakeFiles/cmTC_ef67d.dir/CheckFunctionExists.c.o  -o cmTC_ef67d -rdynamic -lpthread 
make[1]: Leaving directory '/users/stud/ledwon/Documents/compphysthree/ue9/bin/CMakeFiles/CMakeTmp'


